Mon Apr  8 23:56:21 2019
Number of model parameters: 25256014
Epoch: [1][0/300]	Time 15.713 (15.713)	Loss 6.7880 (6.7880) c(6.7626) a(0.0254)	Prec@1 0.500 (0.500)	Prec@5 1.000 (1.000)	Activations: 0.857 (0.857)
Epoch: [1][25/300]	Time 1.609 (2.138)	Loss 6.9167 (7.2408) c(7.2144) a(0.0264)	Prec@1 0.000 (0.096)	Prec@5 0.000 (0.519)	Activations: 0.774 (0.817)
Epoch: [1][50/300]	Time 1.591 (1.868)	Loss 6.7986 (7.0387) c(7.0134) a(0.0252)	Prec@1 0.000 (0.127)	Prec@5 1.500 (0.578)	Activations: 0.716 (0.779)
Epoch: [1][75/300]	Time 1.573 (1.778)	Loss 6.6575 (6.9275) c(6.9036) a(0.0240)	Prec@1 0.000 (0.125)	Prec@5 1.000 (0.579)	Activations: 0.706 (0.756)
Epoch: [1][100/300]	Time 1.605 (1.733)	Loss 6.6554 (6.8605) c(6.8400) a(0.0205)	Prec@1 0.000 (0.119)	Prec@5 0.000 (0.550)	Activations: 0.713 (0.745)
Epoch: [1][125/300]	Time 1.611 (1.705)	Loss 6.6295 (6.8201) c(6.8026) a(0.0175)	Prec@1 0.000 (0.115)	Prec@5 0.500 (0.591)	Activations: 0.717 (0.740)
Epoch: [1][150/300]	Time 1.607 (1.687)	Loss 6.6295 (6.7910) c(6.7759) a(0.0151)	Prec@1 0.000 (0.116)	Prec@5 0.000 (0.573)	Activations: 0.708 (0.736)
Epoch: [1][175/300]	Time 1.578 (1.673)	Loss 6.6352 (6.7696) c(6.7563) a(0.0132)	Prec@1 0.000 (0.111)	Prec@5 0.000 (0.537)	Activations: 0.719 (0.733)
Epoch: [1][200/300]	Time 1.613 (1.663)	Loss 6.6246 (6.7528) c(6.7411) a(0.0118)	Prec@1 0.500 (0.112)	Prec@5 1.500 (0.547)	Activations: 0.702 (0.729)
Epoch: [1][225/300]	Time 1.595 (1.655)	Loss 6.6245 (6.7395) c(6.7288) a(0.0107)	Prec@1 0.000 (0.113)	Prec@5 0.000 (0.538)	Activations: 0.716 (0.727)
Epoch: [1][250/300]	Time 1.578 (1.648)	Loss 6.6611 (6.7280) c(6.7183) a(0.0098)	Prec@1 0.000 (0.108)	Prec@5 0.000 (0.526)	Activations: 0.697 (0.725)
Epoch: [1][275/300]	Time 1.576 (1.643)	Loss 6.6349 (6.7191) c(6.7101) a(0.0090)	Prec@1 0.000 (0.107)	Prec@5 1.000 (0.531)	Activations: 0.692 (0.723)
Tue Apr  9 00:04:52 2019
Test: [0/38]	Time 1.035 (1.035)	Loss 6.6141 (6.6141)	Prec@1 0.000 (0.000)	Prec@5 0.000 (0.000)	Activations: 0.691 (0.691)
Test: [25/38]	Time 0.545 (0.565)	Loss 6.6622 (6.6218)	Prec@1 0.000 (0.154)	Prec@5 1.000 (0.827)	Activations: 0.695 (0.701)
gate activation rates:
{0: 0.10074, 1: 0.10818, 2: 0.1105, 3: 0.10102, 4: 0.10542, 5: 0.10548, 6: 0.10156, 7: 0.1016, 8: 0.10306, 9: 0.10572, 10: 0.10532, 11: 0.1054, 12: 0.10572, 13: 0.11008, 14: 0.1058, 15: 0.10786, 16: 0.0, 17: 0.0, 18: 0.0, 19: 0.0, 20: 0.0, 21: 0.0, 22: 0.0, 23: 0.0, 24: 0.0, 25: 0.0, 26: 0.0, 27: 0.0, 28: 0.0, 29: 0.0, 30: 0.0, 31: 0.0, 32: 0.0}
 * Prec@1 0.160
Epoch: [2][0/300]	Time 2.355 (2.355)	Loss 6.6278 (6.6278) c(6.6268) a(0.0011)	Prec@1 0.000 (0.000)	Prec@5 0.000 (0.000)	Activations: 0.688 (0.688)
Epoch: [2][25/300]	Time 1.571 (1.619)	Loss 6.5972 (6.6181) c(6.6167) a(0.0014)	Prec@1 0.500 (0.288)	Prec@5 1.500 (1.038)	Activations: 0.705 (0.702)
Epoch: [2][50/300]	Time 1.602 (1.605)	Loss 6.6162 (6.6125) c(6.6111) a(0.0013)	Prec@1 0.000 (0.245)	Prec@5 0.000 (1.000)	Activations: 0.716 (0.705)
Epoch: [2][75/300]	Time 1.584 (1.600)	Loss 6.5659 (6.6082) c(6.6069) a(0.0013)	Prec@1 0.500 (0.211)	Prec@5 2.500 (0.993)	Activations: 0.701 (0.704)
Epoch: [2][100/300]	Time 1.560 (1.597)	Loss 6.5773 (6.6027) c(6.6015) a(0.0013)	Prec@1 0.000 (0.193)	Prec@5 0.000 (0.975)	Activations: 0.716 (0.704)
Epoch: [2][125/300]	Time 1.603 (1.595)	Loss 6.5696 (6.5962) c(6.5950) a(0.0013)	Prec@1 0.000 (0.198)	Prec@5 0.500 (0.948)	Activations: 0.707 (0.703)
Epoch: [2][150/300]	Time 1.587 (1.594)	Loss 6.4955 (6.5896) c(6.5883) a(0.0013)	Prec@1 0.500 (0.212)	Prec@5 2.500 (0.987)	Activations: 0.701 (0.703)
Epoch: [2][175/300]	Time 1.580 (1.593)	Loss 6.5322 (6.5847) c(6.5835) a(0.0012)	Prec@1 0.500 (0.207)	Prec@5 1.500 (1.014)	Activations: 0.699 (0.703)
Epoch: [2][200/300]	Time 1.575 (1.593)	Loss 6.5536 (6.5779) c(6.5767) a(0.0012)	Prec@1 0.000 (0.214)	Prec@5 0.500 (1.027)	Activations: 0.698 (0.704)
Epoch: [2][225/300]	Time 1.594 (1.592)	Loss 6.5262 (6.5697) c(6.5685) a(0.0012)	Prec@1 0.000 (0.226)	Prec@5 1.000 (1.084)	Activations: 0.704 (0.703)
Epoch: [2][250/300]	Time 1.584 (1.592)	Loss 6.5494 (6.5649) c(6.5637) a(0.0013)	Prec@1 0.500 (0.231)	Prec@5 1.000 (1.112)	Activations: 0.708 (0.704)
Epoch: [2][275/300]	Time 1.589 (1.591)	Loss 6.4592 (6.5585) c(6.5572) a(0.0013)	Prec@1 1.000 (0.234)	Prec@5 2.500 (1.139)	Activations: 0.707 (0.704)
Tue Apr  9 00:13:16 2019
Test: [0/38]	Time 1.162 (1.162)	Loss 6.5084 (6.5084)	Prec@1 0.500 (0.500)	Prec@5 1.500 (1.500)	Activations: 0.704 (0.704)
Test: [25/38]	Time 0.541 (0.566)	Loss 6.5170 (6.4614)	Prec@1 0.500 (0.365)	Prec@5 2.000 (1.500)	Activations: 0.715 (0.707)
gate activation rates:
{0: 0.09984, 1: 0.09672, 2: 0.10194, 3: 0.10676, 4: 0.10228, 5: 0.10254, 6: 0.1042, 7: 0.10578, 8: 0.10226, 9: 0.10644, 10: 0.10566, 11: 0.10838, 12: 0.1065, 13: 0.10874, 14: 0.11776, 15: 0.11956, 16: 0.0, 17: 0.0, 18: 0.0, 19: 0.0, 20: 0.0, 21: 0.0, 22: 0.0, 23: 0.0, 24: 0.0, 25: 0.0, 26: 0.0, 27: 0.0, 28: 0.0, 29: 0.0, 30: 0.0, 31: 0.0, 32: 0.0}
 * Prec@1 0.373
Epoch: [3][0/300]	Time 2.297 (2.297)	Loss 6.3995 (6.3995) c(6.3980) a(0.0015)	Prec@1 1.000 (1.000)	Prec@5 3.500 (3.500)	Activations: 0.706 (0.706)
Epoch: [3][25/300]	Time 1.586 (1.619)	Loss 6.4426 (6.4346) c(6.4332) a(0.0013)	Prec@1 0.500 (0.365)	Prec@5 1.500 (1.538)	Activations: 0.700 (0.701)
Epoch: [3][50/300]	Time 1.586 (1.606)	Loss 6.3991 (6.4258) c(6.4243) a(0.0014)	Prec@1 0.500 (0.402)	Prec@5 2.000 (1.696)	Activations: 0.702 (0.703)
Epoch: [3][75/300]	Time 1.603 (1.601)	Loss 6.4684 (6.4150) c(6.4134) a(0.0016)	Prec@1 0.000 (0.421)	Prec@5 0.500 (1.796)	Activations: 0.708 (0.704)
Epoch: [3][100/300]	Time 1.590 (1.597)	Loss 6.3967 (6.4031) c(6.4014) a(0.0017)	Prec@1 1.500 (0.426)	Prec@5 2.000 (1.901)	Activations: 0.727 (0.705)
Epoch: [3][125/300]	Time 1.591 (1.595)	Loss 6.3534 (6.3978) c(6.3961) a(0.0017)	Prec@1 0.500 (0.429)	Prec@5 2.500 (1.917)	Activations: 0.707 (0.705)
Epoch: [3][150/300]	Time 1.587 (1.595)	Loss 6.4516 (6.3911) c(6.3895) a(0.0017)	Prec@1 0.500 (0.434)	Prec@5 2.000 (1.983)	Activations: 0.709 (0.705)
Epoch: [3][175/300]	Time 1.572 (1.593)	Loss 6.2426 (6.3810) c(6.3793) a(0.0017)	Prec@1 1.000 (0.449)	Prec@5 3.500 (2.037)	Activations: 0.698 (0.704)
Epoch: [3][200/300]	Time 1.591 (1.593)	Loss 6.3592 (6.3722) c(6.3705) a(0.0016)	Prec@1 1.000 (0.453)	Prec@5 2.000 (2.050)	Activations: 0.712 (0.705)
Epoch: [3][225/300]	Time 1.581 (1.592)	Loss 6.2635 (6.3638) c(6.3622) a(0.0016)	Prec@1 0.500 (0.462)	Prec@5 1.000 (2.053)	Activations: 0.713 (0.705)
Epoch: [3][250/300]	Time 1.578 (1.592)	Loss 6.2976 (6.3521) c(6.3504) a(0.0017)	Prec@1 0.000 (0.474)	Prec@5 1.500 (2.100)	Activations: 0.718 (0.705)
Epoch: [3][275/300]	Time 1.598 (1.592)	Loss 6.3329 (6.3456) c(6.3439) a(0.0017)	Prec@1 0.500 (0.471)	Prec@5 0.500 (2.109)	Activations: 0.700 (0.705)
Tue Apr  9 00:21:37 2019
Test: [0/38]	Time 1.089 (1.089)	Loss 6.2158 (6.2158)	Prec@1 0.000 (0.000)	Prec@5 4.000 (4.000)	Activations: 0.701 (0.701)
Test: [25/38]	Time 0.554 (0.565)	Loss 6.2396 (6.2473)	Prec@1 0.000 (0.731)	Prec@5 2.000 (3.135)	Activations: 0.699 (0.708)
gate activation rates:
{0: 0.10736, 1: 0.0899, 2: 0.10208, 3: 0.1063, 4: 0.10968, 5: 0.10162, 6: 0.10186, 7: 0.09958, 8: 0.09958, 9: 0.10512, 10: 0.1045, 11: 0.10376, 12: 0.10556, 13: 0.1101, 14: 0.1216, 15: 0.12848, 16: 0.0, 17: 0.0, 18: 0.0, 19: 0.0, 20: 0.0, 21: 0.0, 22: 0.0, 23: 0.0, 24: 0.0, 25: 0.0, 26: 0.0, 27: 0.0, 28: 0.0, 29: 0.0, 30: 0.0, 31: 0.0, 32: 0.0}
 * Prec@1 0.680
Epoch: [4][0/300]	Time 2.274 (2.274)	Loss 6.3060 (6.3060) c(6.3020) a(0.0040)	Prec@1 1.500 (1.500)	Prec@5 4.500 (4.500)	Activations: 0.720 (0.720)
Epoch: [4][25/300]	Time 1.609 (1.621)	Loss 6.1709 (6.2184) c(6.2165) a(0.0019)	Prec@1 1.000 (0.654)	Prec@5 2.500 (3.346)	Activations: 0.710 (0.708)
Epoch: [4][50/300]	Time 1.595 (1.607)	Loss 6.1601 (6.2067) c(6.2047) a(0.0020)	Prec@1 0.000 (0.657)	Prec@5 3.000 (3.010)	Activations: 0.730 (0.711)
Epoch: [4][75/300]	Time 1.590 (1.601)	Loss 6.1536 (6.1970) c(6.1950) a(0.0020)	Prec@1 1.000 (0.717)	Prec@5 2.500 (3.158)	Activations: 0.705 (0.712)
Epoch: [4][100/300]	Time 1.574 (1.598)	Loss 6.1427 (6.1837) c(6.1816) a(0.0021)	Prec@1 2.500 (0.733)	Prec@5 6.000 (3.277)	Activations: 0.717 (0.713)
Epoch: [4][125/300]	Time 1.596 (1.597)	Loss 6.0256 (6.1738) c(6.1715) a(0.0022)	Prec@1 0.000 (0.758)	Prec@5 3.000 (3.317)	Activations: 0.727 (0.715)
Epoch: [4][150/300]	Time 1.609 (1.597)	Loss 6.0184 (6.1595) c(6.1571) a(0.0024)	Prec@1 1.500 (0.775)	Prec@5 5.500 (3.414)	Activations: 0.737 (0.716)
Epoch: [4][175/300]	Time 1.589 (1.595)	Loss 6.0659 (6.1455) c(6.1427) a(0.0028)	Prec@1 0.000 (0.815)	Prec@5 4.000 (3.562)	Activations: 0.730 (0.718)
Epoch: [4][200/300]	Time 1.579 (1.595)	Loss 6.1092 (6.1325) c(6.1294) a(0.0031)	Prec@1 1.000 (0.851)	Prec@5 4.500 (3.642)	Activations: 0.728 (0.720)
Epoch: [4][225/300]	Time 1.610 (1.595)	Loss 5.9641 (6.1169) c(6.1137) a(0.0033)	Prec@1 1.000 (0.881)	Prec@5 5.500 (3.772)	Activations: 0.739 (0.722)
Epoch: [4][250/300]	Time 1.561 (1.594)	Loss 5.9887 (6.1029) c(6.0994) a(0.0035)	Prec@1 0.500 (0.922)	Prec@5 4.500 (3.930)	Activations: 0.740 (0.723)
Epoch: [4][275/300]	Time 1.587 (1.594)	Loss 5.8923 (6.0897) c(6.0860) a(0.0037)	Prec@1 1.500 (0.967)	Prec@5 6.000 (4.007)	Activations: 0.735 (0.724)
Tue Apr  9 00:29:59 2019
Test: [0/38]	Time 1.098 (1.098)	Loss 5.9234 (5.9234)	Prec@1 0.500 (0.500)	Prec@5 5.000 (5.000)	Activations: 0.736 (0.736)
Test: [25/38]	Time 0.537 (0.565)	Loss 5.9910 (5.9177)	Prec@1 1.000 (1.269)	Prec@5 4.500 (5.654)	Activations: 0.731 (0.739)
gate activation rates:
{0: 0.0992, 1: 0.09826, 2: 0.10606, 3: 0.10686, 4: 0.11316, 5: 0.10906, 6: 0.10596, 7: 0.11082, 8: 0.11162, 9: 0.1062, 10: 0.1078, 11: 0.1088, 12: 0.11094, 13: 0.11464, 14: 0.11898, 15: 0.14388, 16: 0.0, 17: 0.0, 18: 0.0, 19: 0.0, 20: 0.0, 21: 0.0, 22: 0.0, 23: 0.0, 24: 0.0, 25: 0.0, 26: 0.0, 27: 0.0, 28: 0.0, 29: 0.0, 30: 0.0, 31: 0.0, 32: 0.0}
 * Prec@1 1.334
Epoch: [5][0/300]	Time 2.243 (2.243)	Loss 5.8905 (5.8905) c(5.8839) a(0.0066)	Prec@1 2.000 (2.000)	Prec@5 5.500 (5.500)	Activations: 0.731 (0.731)
Epoch: [5][25/300]	Time 1.613 (1.620)	Loss 5.8040 (5.8204) c(5.8141) a(0.0063)	Prec@1 2.500 (1.865)	Prec@5 6.000 (6.212)	Activations: 0.745 (0.736)
Epoch: [5][50/300]	Time 1.591 (1.605)	Loss 5.7662 (5.7972) c(5.7908) a(0.0064)	Prec@1 1.000 (1.882)	Prec@5 9.500 (6.520)	Activations: 0.737 (0.737)
Epoch: [5][75/300]	Time 1.604 (1.602)	Loss 5.6897 (5.7932) c(5.7867) a(0.0066)	Prec@1 3.500 (1.882)	Prec@5 7.000 (6.737)	Activations: 0.737 (0.739)
Epoch: [5][100/300]	Time 1.597 (1.600)	Loss 5.6523 (5.7825) c(5.7757) a(0.0068)	Prec@1 1.000 (1.975)	Prec@5 8.500 (6.965)	Activations: 0.745 (0.740)
Epoch: [5][125/300]	Time 1.591 (1.599)	Loss 5.5791 (5.7664) c(5.7596) a(0.0068)	Prec@1 2.500 (2.048)	Prec@5 9.000 (7.159)	Activations: 0.735 (0.740)
Epoch: [5][150/300]	Time 1.579 (1.596)	Loss 5.6927 (5.7491) c(5.7422) a(0.0070)	Prec@1 2.000 (2.089)	Prec@5 8.500 (7.361)	Activations: 0.753 (0.741)
Epoch: [5][175/300]	Time 1.602 (1.596)	Loss 5.6662 (5.7247) c(5.7176) a(0.0070)	Prec@1 2.000 (2.193)	Prec@5 8.000 (7.702)	Activations: 0.734 (0.742)
Epoch: [5][200/300]	Time 1.596 (1.595)	Loss 5.6454 (5.7094) c(5.7021) a(0.0072)	Prec@1 2.500 (2.326)	Prec@5 8.000 (7.960)	Activations: 0.748 (0.743)
Epoch: [5][225/300]	Time 1.587 (1.595)	Loss 5.6307 (5.6912) c(5.6837) a(0.0075)	Prec@1 2.500 (2.423)	Prec@5 9.000 (8.228)	Activations: 0.760 (0.744)
Epoch: [5][250/300]	Time 1.581 (1.594)	Loss 5.5102 (5.6739) c(5.6663) a(0.0076)	Prec@1 2.500 (2.504)	Prec@5 9.500 (8.418)	Activations: 0.737 (0.744)
Epoch: [5][275/300]	Time 1.592 (1.593)	Loss 5.6721 (5.6548) c(5.6469) a(0.0079)	Prec@1 1.500 (2.596)	Prec@5 8.000 (8.714)	Activations: 0.758 (0.745)
Tue Apr  9 00:38:21 2019
Test: [0/38]	Time 1.110 (1.110)	Loss 5.5077 (5.5077)	Prec@1 3.500 (3.500)	Prec@5 10.000 (10.000)	Activations: 0.764 (0.764)
Test: [25/38]	Time 0.545 (0.565)	Loss 5.4617 (5.4673)	Prec@1 4.000 (3.731)	Prec@5 11.500 (11.481)	Activations: 0.758 (0.763)
gate activation rates:
{0: 0.1065, 1: 0.07858, 2: 0.09822, 3: 0.11628, 4: 0.11624, 5: 0.11528, 6: 0.10208, 7: 0.12356, 8: 0.11856, 9: 0.11562, 10: 0.11016, 11: 0.11156, 12: 0.11276, 13: 0.12146, 14: 0.13566, 15: 0.14682, 16: 0.0, 17: 0.0, 18: 0.0, 19: 0.0, 20: 0.0, 21: 0.0, 22: 0.0, 23: 0.0, 24: 0.0, 25: 0.0, 26: 0.0, 27: 0.0, 28: 0.0, 29: 0.0, 30: 0.0, 31: 0.0, 32: 0.0}
 * Prec@1 3.747
Epoch: [6][0/300]	Time 2.312 (2.312)	Loss 5.3898 (5.3898) c(5.3786) a(0.0112)	Prec@1 4.500 (4.500)	Prec@5 17.500 (17.500)	Activations: 0.760 (0.760)
Epoch: [6][25/300]	Time 1.605 (1.615)	Loss 5.3434 (5.2910) c(5.2802) a(0.0108)	Prec@1 4.500 (4.712)	Prec@5 15.500 (14.712)	Activations: 0.767 (0.756)
Epoch: [6][50/300]	Time 1.598 (1.603)	Loss 5.3519 (5.2805) c(5.2692) a(0.0113)	Prec@1 3.000 (5.039)	Prec@5 11.000 (14.529)	Activations: 0.763 (0.760)
Epoch: [6][75/300]	Time 1.580 (1.599)	Loss 5.1516 (5.2666) c(5.2547) a(0.0119)	Prec@1 6.500 (5.257)	Prec@5 15.000 (14.776)	Activations: 0.770 (0.763)
Epoch: [6][100/300]	Time 1.576 (1.597)	Loss 5.4587 (5.2555) c(5.2431) a(0.0124)	Prec@1 4.000 (5.327)	Prec@5 13.500 (15.010)	Activations: 0.793 (0.767)
Epoch: [6][125/300]	Time 1.607 (1.595)	Loss 5.3045 (5.2504) c(5.2376) a(0.0128)	Prec@1 5.000 (5.421)	Prec@5 17.000 (15.095)	Activations: 0.788 (0.772)
Epoch: [6][150/300]	Time 1.588 (1.594)	Loss 5.1456 (5.2340) c(5.2210) a(0.0130)	Prec@1 6.500 (5.553)	Prec@5 16.500 (15.434)	Activations: 0.783 (0.774)
Epoch: [6][175/300]	Time 1.595 (1.594)	Loss 5.0893 (5.2138) c(5.2006) a(0.0133)	Prec@1 8.000 (5.736)	Prec@5 16.500 (15.866)	Activations: 0.779 (0.775)
Epoch: [6][200/300]	Time 1.581 (1.594)	Loss 5.0221 (5.1909) c(5.1774) a(0.0134)	Prec@1 7.500 (5.965)	Prec@5 17.500 (16.261)	Activations: 0.801 (0.776)
Epoch: [6][225/300]	Time 1.599 (1.593)	Loss 4.9867 (5.1601) c(5.1464) a(0.0137)	Prec@1 10.000 (6.283)	Prec@5 22.500 (16.821)	Activations: 0.791 (0.777)
Epoch: [6][250/300]	Time 1.611 (1.593)	Loss 4.9108 (5.1436) c(5.1296) a(0.0140)	Prec@1 8.000 (6.394)	Prec@5 21.500 (17.217)	Activations: 0.774 (0.777)
Epoch: [6][275/300]	Time 1.591 (1.592)	Loss 4.8370 (5.1207) c(5.1062) a(0.0145)	Prec@1 9.500 (6.572)	Prec@5 25.500 (17.707)	Activations: 0.768 (0.777)
Tue Apr  9 00:46:42 2019
Test: [0/38]	Time 1.114 (1.114)	Loss 4.9173 (4.9173)	Prec@1 9.500 (9.500)	Prec@5 22.500 (22.500)	Activations: 0.786 (0.786)
Test: [25/38]	Time 0.534 (0.562)	Loss 4.8234 (4.8816)	Prec@1 8.500 (9.731)	Prec@5 25.000 (23.635)	Activations: 0.779 (0.784)
gate activation rates:
{0: 0.10046, 1: 0.07772, 2: 0.08864, 3: 0.12278, 4: 0.1121, 5: 0.12912, 6: 0.11154, 7: 0.12816, 8: 0.11742, 9: 0.1241, 10: 0.11808, 11: 0.11448, 12: 0.11888, 13: 0.1251, 14: 0.14534, 15: 0.14728, 16: 0.0, 17: 0.0, 18: 0.0, 19: 0.0, 20: 0.0, 21: 0.0, 22: 0.0, 23: 0.0, 24: 0.0, 25: 0.0, 26: 0.0, 27: 0.0, 28: 0.0, 29: 0.0, 30: 0.0, 31: 0.0, 32: 0.0}
 * Prec@1 9.521
Epoch: [7][0/300]	Time 2.302 (2.302)	Loss 4.5804 (4.5804) c(4.5616) a(0.0189)	Prec@1 9.500 (9.500)	Prec@5 27.500 (27.500)	Activations: 0.785 (0.785)
Epoch: [7][25/300]	Time 1.588 (1.617)	Loss 4.5567 (4.5850) c(4.5674) a(0.0176)	Prec@1 14.500 (12.038)	Prec@5 27.500 (27.692)	Activations: 0.786 (0.785)
Epoch: [7][50/300]	Time 1.583 (1.604)	Loss 4.6193 (4.6110) c(4.5930) a(0.0180)	Prec@1 11.500 (11.627)	Prec@5 31.000 (27.500)	Activations: 0.793 (0.786)
Epoch: [7][75/300]	Time 1.596 (1.600)	Loss 4.4837 (4.6082) c(4.5902) a(0.0181)	Prec@1 13.000 (11.507)	Prec@5 33.000 (27.355)	Activations: 0.806 (0.790)
Epoch: [7][100/300]	Time 1.590 (1.596)	Loss 4.3833 (4.5930) c(4.5750) a(0.0181)	Prec@1 13.000 (11.708)	Prec@5 27.500 (27.728)	Activations: 0.787 (0.791)
Epoch: [7][125/300]	Time 1.599 (1.595)	Loss 4.5555 (4.5683) c(4.5500) a(0.0183)	Prec@1 15.000 (11.996)	Prec@5 27.000 (28.298)	Activations: 0.808 (0.792)
Epoch: [7][150/300]	Time 1.583 (1.594)	Loss 4.1869 (4.5496) c(4.5310) a(0.0186)	Prec@1 18.500 (12.166)	Prec@5 36.000 (28.791)	Activations: 0.792 (0.793)
Epoch: [7][175/300]	Time 1.612 (1.594)	Loss 4.3344 (4.5224) c(4.5037) a(0.0187)	Prec@1 14.000 (12.523)	Prec@5 33.500 (29.094)	Activations: 0.793 (0.794)
Epoch: [7][200/300]	Time 1.597 (1.593)	Loss 4.3703 (4.5073) c(4.4886) a(0.0187)	Prec@1 13.000 (12.677)	Prec@5 30.000 (29.443)	Activations: 0.787 (0.794)
Epoch: [7][225/300]	Time 1.595 (1.593)	Loss 4.0328 (4.4912) c(4.4725) a(0.0187)	Prec@1 16.500 (12.896)	Prec@5 39.500 (29.814)	Activations: 0.790 (0.794)
Epoch: [7][250/300]	Time 1.576 (1.593)	Loss 4.5226 (4.4784) c(4.4596) a(0.0188)	Prec@1 12.000 (13.086)	Prec@5 32.500 (30.064)	Activations: 0.791 (0.794)
Epoch: [7][275/300]	Time 1.605 (1.592)	Loss 4.2660 (4.4643) c(4.4454) a(0.0189)	Prec@1 13.000 (13.299)	Prec@5 31.500 (30.404)	Activations: 0.770 (0.793)
Tue Apr  9 00:55:04 2019
Test: [0/38]	Time 1.086 (1.086)	Loss 4.1648 (4.1648)	Prec@1 18.500 (18.500)	Prec@5 40.000 (40.000)	Activations: 0.793 (0.793)
Test: [25/38]	Time 0.548 (0.565)	Loss 4.4247 (4.2772)	Prec@1 13.500 (16.654)	Prec@5 31.500 (34.981)	Activations: 0.790 (0.787)
gate activation rates:
{0: 0.0893, 1: 0.08102, 2: 0.09462, 3: 0.1122, 4: 0.12376, 5: 0.12526, 6: 0.10482, 7: 0.1256, 8: 0.12086, 9: 0.1255, 10: 0.1195, 11: 0.11366, 12: 0.12034, 13: 0.13506, 14: 0.14806, 15: 0.14834, 16: 0.0, 17: 0.0, 18: 0.0, 19: 0.0, 20: 0.0, 21: 0.0, 22: 0.0, 23: 0.0, 24: 0.0, 25: 0.0, 26: 0.0, 27: 0.0, 28: 0.0, 29: 0.0, 30: 0.0, 31: 0.0, 32: 0.0}
 * Prec@1 16.469
Epoch: [8][0/300]	Time 2.284 (2.284)	Loss 4.2179 (4.2179) c(4.1931) a(0.0249)	Prec@1 17.000 (17.000)	Prec@5 36.000 (36.000)	Activations: 0.787 (0.787)
Epoch: [8][25/300]	Time 1.604 (1.621)	Loss 4.0965 (4.0423) c(4.0218) a(0.0205)	Prec@1 20.500 (17.923)	Prec@5 36.000 (38.769)	Activations: 0.789 (0.785)
Epoch: [8][50/300]	Time 1.597 (1.608)	Loss 4.0269 (4.0303) c(4.0102) a(0.0201)	Prec@1 24.500 (18.775)	Prec@5 41.000 (39.422)	Activations: 0.787 (0.788)
Epoch: [8][75/300]	Time 1.592 (1.602)	Loss 4.0097 (4.0378) c(4.0177) a(0.0201)	Prec@1 21.500 (18.783)	Prec@5 38.000 (39.230)	Activations: 0.794 (0.789)
Epoch: [8][100/300]	Time 1.567 (1.600)	Loss 4.1708 (4.0210) c(4.0006) a(0.0204)	Prec@1 19.000 (19.015)	Prec@5 37.000 (39.500)	Activations: 0.804 (0.791)
Epoch: [8][125/300]	Time 1.596 (1.598)	Loss 4.1841 (4.0074) c(3.9867) a(0.0207)	Prec@1 16.000 (19.246)	Prec@5 34.000 (39.766)	Activations: 0.806 (0.793)
Epoch: [8][150/300]	Time 1.599 (1.597)	Loss 3.8501 (4.0003) c(3.9793) a(0.0209)	Prec@1 21.000 (19.351)	Prec@5 39.000 (39.841)	Activations: 0.808 (0.796)
Epoch: [8][175/300]	Time 1.606 (1.596)	Loss 4.0590 (3.9771) c(3.9559) a(0.0212)	Prec@1 21.000 (19.722)	Prec@5 39.500 (40.389)	Activations: 0.799 (0.797)
Epoch: [8][200/300]	Time 1.578 (1.595)	Loss 3.7738 (3.9587) c(3.9373) a(0.0215)	Prec@1 23.500 (19.998)	Prec@5 42.500 (40.741)	Activations: 0.802 (0.798)
Epoch: [8][225/300]	Time 1.613 (1.595)	Loss 3.7114 (3.9430) c(3.9214) a(0.0217)	Prec@1 24.500 (20.243)	Prec@5 48.000 (41.053)	Activations: 0.805 (0.799)
Epoch: [8][250/300]	Time 1.581 (1.594)	Loss 3.8396 (3.9293) c(3.9074) a(0.0219)	Prec@1 21.500 (20.508)	Prec@5 45.000 (41.319)	Activations: 0.809 (0.801)
Epoch: [8][275/300]	Time 1.585 (1.594)	Loss 3.7151 (3.9212) c(3.8989) a(0.0223)	Prec@1 21.000 (20.556)	Prec@5 41.500 (41.502)	Activations: 0.798 (0.801)
Tue Apr  9 01:03:26 2019
Test: [0/38]	Time 1.102 (1.102)	Loss 4.4286 (4.4286)	Prec@1 15.500 (15.500)	Prec@5 33.500 (33.500)	Activations: 0.810 (0.810)
Test: [25/38]	Time 0.542 (0.563)	Loss 4.5381 (4.5015)	Prec@1 13.000 (14.808)	Prec@5 32.500 (32.654)	Activations: 0.795 (0.799)
gate activation rates:
{0: 0.10508, 1: 0.08672, 2: 0.09814, 3: 0.11242, 4: 0.10854, 5: 0.12392, 6: 0.12008, 7: 0.13794, 8: 0.11616, 9: 0.12568, 10: 0.11606, 11: 0.11414, 12: 0.12016, 13: 0.13636, 14: 0.14802, 15: 0.14852, 16: 0.0, 17: 0.0, 18: 0.0, 19: 0.0, 20: 0.0, 21: 0.0, 22: 0.0, 23: 0.0, 24: 0.0, 25: 0.0, 26: 0.0, 27: 0.0, 28: 0.0, 29: 0.0, 30: 0.0, 31: 0.0, 32: 0.0}
 * Prec@1 14.562
Epoch: [9][0/300]	Time 2.202 (2.202)	Loss 3.5787 (3.5787) c(3.5561) a(0.0225)	Prec@1 25.000 (25.000)	Prec@5 49.500 (49.500)	Activations: 0.789 (0.789)
Epoch: [9][25/300]	Time 1.587 (1.611)	Loss 3.3811 (3.5322) c(3.5083) a(0.0239)	Prec@1 29.000 (26.827)	Prec@5 49.000 (49.231)	Activations: 0.814 (0.807)
Epoch: [9][50/300]	Time 1.575 (1.599)	Loss 3.4692 (3.5279) c(3.5043) a(0.0236)	Prec@1 26.500 (26.578)	Prec@5 48.500 (49.314)	Activations: 0.802 (0.807)
Epoch: [9][75/300]	Time 1.603 (1.596)	Loss 3.9875 (3.6219) c(3.5974) a(0.0245)	Prec@1 22.000 (25.243)	Prec@5 37.500 (47.717)	Activations: 0.805 (0.810)
Epoch: [9][100/300]	Time 1.603 (1.595)	Loss 3.7526 (3.6774) c(3.6514) a(0.0260)	Prec@1 22.500 (24.738)	Prec@5 45.500 (46.609)	Activations: 0.813 (0.812)
Epoch: [9][125/300]	Time 1.568 (1.594)	Loss 3.7470 (3.6705) c(3.6436) a(0.0269)	Prec@1 24.000 (24.770)	Prec@5 45.500 (46.794)	Activations: 0.817 (0.814)
Epoch: [9][150/300]	Time 1.574 (1.593)	Loss 3.5489 (3.6474) c(3.6198) a(0.0276)	Prec@1 31.000 (25.205)	Prec@5 48.000 (47.245)	Activations: 0.831 (0.816)
Epoch: [9][175/300]	Time 1.597 (1.593)	Loss 3.5958 (3.6250) c(3.5970) a(0.0280)	Prec@1 24.500 (25.540)	Prec@5 48.000 (47.665)	Activations: 0.828 (0.818)
Epoch: [9][200/300]	Time 1.598 (1.592)	Loss 4.6250 (3.7700) c(3.7393) a(0.0307)	Prec@1 14.500 (23.873)	Prec@5 28.500 (45.179)	Activations: 0.827 (0.820)
Epoch: [9][225/300]	Time 1.587 (1.592)	Loss 4.1401 (3.8245) c(3.7903) a(0.0342)	Prec@1 14.500 (23.157)	Prec@5 39.000 (44.268)	Activations: 0.839 (0.822)
Epoch: [9][250/300]	Time 1.586 (1.591)	Loss 3.9533 (3.8454) c(3.8090) a(0.0364)	Prec@1 20.000 (22.932)	Prec@5 44.500 (43.966)	Activations: 0.859 (0.824)
Epoch: [9][275/300]	Time 1.603 (1.591)	Loss 3.9289 (3.8405) c(3.8028) a(0.0377)	Prec@1 19.000 (22.986)	Prec@5 43.500 (44.043)	Activations: 0.864 (0.827)
Tue Apr  9 01:11:45 2019
Test: [0/38]	Time 1.114 (1.114)	Loss 3.7022 (3.7022)	Prec@1 19.500 (19.500)	Prec@5 40.000 (40.000)	Activations: 0.861 (0.861)
Test: [25/38]	Time 0.549 (0.566)	Loss 3.4355 (3.8440)	Prec@1 31.000 (22.173)	Prec@5 51.000 (43.577)	Activations: 0.863 (0.866)
gate activation rates:
{0: 0.1488, 1: 0.12026, 2: 0.1486, 3: 0.0743, 4: 0.1243, 5: 0.13604, 6: 0.11854, 7: 0.1493, 8: 0.1262, 9: 0.12354, 10: 0.1226, 11: 0.1197, 12: 0.13148, 13: 0.13726, 14: 0.1478, 15: 0.1483, 16: 0.0, 17: 0.0, 18: 0.0, 19: 0.0, 20: 0.0, 21: 0.0, 22: 0.0, 23: 0.0, 24: 0.0, 25: 0.0, 26: 0.0, 27: 0.0, 28: 0.0, 29: 0.0, 30: 0.0, 31: 0.0, 32: 0.0}
 * Prec@1 22.536
Epoch: [10][0/300]	Time 2.270 (2.270)	Loss 3.3515 (3.3515) c(3.3027) a(0.0488)	Prec@1 31.000 (31.000)	Prec@5 52.500 (52.500)	Activations: 0.864 (0.864)
Epoch: [10][25/300]	Time 1.604 (1.614)	Loss 3.2154 (3.3300) c(3.2875) a(0.0425)	Prec@1 33.500 (31.038)	Prec@5 55.000 (53.308)	Activations: 0.855 (0.862)
Epoch: [10][50/300]	Time 1.592 (1.603)	Loss 2.9512 (3.2243) c(3.1817) a(0.0426)	Prec@1 37.000 (33.500)	Prec@5 60.500 (55.461)	Activations: 0.863 (0.863)
Epoch: [10][75/300]	Time 1.594 (1.598)	Loss 2.9638 (3.1630) c(3.1206) a(0.0424)	Prec@1 39.500 (34.625)	Prec@5 61.500 (56.461)	Activations: 0.864 (0.864)
Epoch: [10][100/300]	Time 1.575 (1.596)	Loss 2.7479 (3.1319) c(3.0896) a(0.0423)	Prec@1 41.000 (35.134)	Prec@5 68.500 (57.238)	Activations: 0.862 (0.863)
Epoch: [10][125/300]	Time 1.611 (1.594)	Loss 2.9076 (3.0889) c(3.0467) a(0.0422)	Prec@1 38.500 (35.833)	Prec@5 61.500 (58.155)	Activations: 0.863 (0.863)
Epoch: [10][150/300]	Time 1.586 (1.593)	Loss 2.9174 (3.0641) c(3.0220) a(0.0421)	Prec@1 39.000 (36.189)	Prec@5 59.500 (58.609)	Activations: 0.858 (0.863)
Epoch: [10][175/300]	Time 1.598 (1.592)	Loss 2.6420 (3.0402) c(2.9980) a(0.0422)	Prec@1 43.500 (36.543)	Prec@5 68.000 (59.043)	Activations: 0.865 (0.863)
Epoch: [10][200/300]	Time 1.576 (1.591)	Loss 2.9682 (3.0189) c(2.9767) a(0.0422)	Prec@1 43.500 (36.970)	Prec@5 60.500 (59.393)	Activations: 0.864 (0.864)
Epoch: [10][225/300]	Time 1.593 (1.591)	Loss 2.7503 (2.9985) c(2.9564) a(0.0421)	Prec@1 46.000 (37.299)	Prec@5 63.500 (59.737)	Activations: 0.867 (0.864)
Epoch: [10][250/300]	Time 1.604 (1.591)	Loss 2.9598 (2.9775) c(2.9353) a(0.0421)	Prec@1 40.500 (37.651)	Prec@5 60.500 (60.062)	Activations: 0.863 (0.864)
Epoch: [10][275/300]	Time 1.582 (1.591)	Loss 2.7696 (2.9614) c(2.9193) a(0.0420)	Prec@1 39.500 (37.906)	Prec@5 63.500 (60.306)	Activations: 0.865 (0.864)
Tue Apr  9 01:20:07 2019
Test: [0/38]	Time 1.097 (1.097)	Loss 3.1342 (3.1342)	Prec@1 37.500 (37.500)	Prec@5 58.500 (58.500)	Activations: 0.860 (0.860)
Test: [25/38]	Time 0.548 (0.566)	Loss 2.9562 (2.9371)	Prec@1 35.000 (38.096)	Prec@5 58.500 (59.673)	Activations: 0.873 (0.867)
gate activation rates:
{0: 0.1479, 1: 0.11304, 2: 0.14898, 3: 0.08876, 4: 0.11992, 5: 0.1332, 6: 0.12054, 7: 0.14926, 8: 0.12466, 9: 0.12402, 10: 0.12296, 11: 0.11866, 12: 0.13178, 13: 0.13982, 14: 0.14892, 15: 0.14912, 16: 0.0, 17: 0.0, 18: 0.0, 19: 0.0, 20: 0.0, 21: 0.0, 22: 0.0, 23: 0.0, 24: 0.0, 25: 0.0, 26: 0.0, 27: 0.0, 28: 0.0, 29: 0.0, 30: 0.0, 31: 0.0, 32: 0.0}
 * Prec@1 37.738
Epoch: [11][0/300]	Time 2.248 (2.248)	Loss 2.6420 (2.6420) c(2.6028) a(0.0392)	Prec@1 47.500 (47.500)	Prec@5 66.000 (66.000)	Activations: 0.861 (0.861)
Epoch: [11][25/300]	Time 1.586 (1.617)	Loss 2.8490 (2.7072) c(2.6662) a(0.0410)	Prec@1 40.000 (42.058)	Prec@5 63.000 (64.231)	Activations: 0.861 (0.864)
Epoch: [11][50/300]	Time 1.572 (1.605)	Loss 2.7221 (2.6790) c(2.6379) a(0.0411)	Prec@1 40.000 (43.000)	Prec@5 62.500 (64.627)	Activations: 0.874 (0.864)
Epoch: [11][75/300]	Time 1.604 (1.600)	Loss 2.5252 (2.6622) c(2.6213) a(0.0410)	Prec@1 48.000 (43.224)	Prec@5 69.000 (65.211)	Activations: 0.871 (0.864)
Epoch: [11][100/300]	Time 1.603 (1.598)	Loss 2.8096 (2.6781) c(2.6372) a(0.0410)	Prec@1 45.000 (42.866)	Prec@5 63.500 (64.970)	Activations: 0.862 (0.864)
Epoch: [11][125/300]	Time 1.602 (1.596)	Loss 2.8648 (2.6767) c(2.6359) a(0.0408)	Prec@1 39.000 (42.766)	Prec@5 64.000 (65.032)	Activations: 0.872 (0.864)
Epoch: [11][150/300]	Time 1.572 (1.595)	Loss 2.5337 (2.6738) c(2.6330) a(0.0408)	Prec@1 48.500 (42.821)	Prec@5 67.000 (65.083)	Activations: 0.853 (0.864)
Epoch: [11][175/300]	Time 1.589 (1.594)	Loss 2.6343 (2.6677) c(2.6270) a(0.0407)	Prec@1 45.000 (42.955)	Prec@5 66.000 (65.224)	Activations: 0.863 (0.864)
Epoch: [11][200/300]	Time 1.598 (1.593)	Loss 2.5749 (2.6566) c(2.6160) a(0.0406)	Prec@1 43.000 (43.164)	Prec@5 66.500 (65.396)	Activations: 0.864 (0.863)
Epoch: [11][225/300]	Time 1.593 (1.593)	Loss 2.6488 (2.6531) c(2.6125) a(0.0405)	Prec@1 42.000 (43.281)	Prec@5 69.000 (65.438)	Activations: 0.862 (0.863)
Epoch: [11][250/300]	Time 1.581 (1.592)	Loss 2.7109 (2.6511) c(2.6106) a(0.0405)	Prec@1 42.000 (43.277)	Prec@5 64.000 (65.440)	Activations: 0.864 (0.863)
Epoch: [11][275/300]	Time 1.589 (1.592)	Loss 2.8276 (2.6481) c(2.6077) a(0.0405)	Prec@1 42.500 (43.330)	Prec@5 69.500 (65.560)	Activations: 0.867 (0.863)
Tue Apr  9 01:28:28 2019
Test: [0/38]	Time 1.090 (1.090)	Loss 2.6632 (2.6632)	Prec@1 45.500 (45.500)	Prec@5 64.500 (64.500)	Activations: 0.863 (0.863)
Test: [25/38]	Time 0.539 (0.564)	Loss 2.7112 (2.8126)	Prec@1 40.500 (40.846)	Prec@5 60.500 (61.538)	Activations: 0.863 (0.866)
gate activation rates:
{0: 0.14766, 1: 0.10908, 2: 0.14902, 3: 0.09178, 4: 0.11816, 5: 0.13224, 6: 0.12122, 7: 0.1491, 8: 0.1231, 9: 0.12106, 10: 0.12356, 11: 0.1193, 12: 0.13262, 13: 0.1412, 14: 0.14924, 15: 0.14942, 16: 0.0, 17: 0.0, 18: 0.0, 19: 0.0, 20: 0.0, 21: 0.0, 22: 0.0, 23: 0.0, 24: 0.0, 25: 0.0, 26: 0.0, 27: 0.0, 28: 0.0, 29: 0.0, 30: 0.0, 31: 0.0, 32: 0.0}
 * Prec@1 41.112
Epoch: [12][0/300]	Time 2.317 (2.317)	Loss 2.3210 (2.3210) c(2.2823) a(0.0388)	Prec@1 50.000 (50.000)	Prec@5 73.000 (73.000)	Activations: 0.865 (0.865)
Epoch: [12][25/300]	Time 1.595 (1.623)	Loss 2.3490 (2.5197) c(2.4800) a(0.0396)	Prec@1 50.000 (45.596)	Prec@5 71.500 (67.827)	Activations: 0.862 (0.862)
Epoch: [12][50/300]	Time 1.593 (1.609)	Loss 2.5005 (2.5156) c(2.4760) a(0.0397)	Prec@1 45.000 (45.657)	Prec@5 67.000 (67.657)	Activations: 0.856 (0.863)
Epoch: [12][75/300]	Time 1.581 (1.602)	Loss 2.6885 (2.5245) c(2.4848) a(0.0397)	Prec@1 43.000 (45.428)	Prec@5 66.500 (67.461)	Activations: 0.861 (0.863)
Epoch: [12][100/300]	Time 1.572 (1.599)	Loss 2.5871 (2.5172) c(2.4774) a(0.0397)	Prec@1 50.000 (45.431)	Prec@5 66.500 (67.540)	Activations: 0.859 (0.863)
Epoch: [12][125/300]	Time 1.604 (1.598)	Loss 2.4704 (2.5127) c(2.4729) a(0.0398)	Prec@1 47.000 (45.655)	Prec@5 68.000 (67.607)	Activations: 0.861 (0.863)
Epoch: [12][150/300]	Time 1.596 (1.597)	Loss 2.6437 (2.5010) c(2.4613) a(0.0397)	Prec@1 43.500 (45.964)	Prec@5 68.000 (67.993)	Activations: 0.864 (0.863)
Epoch: [12][175/300]	Time 1.584 (1.596)	Loss 2.2920 (2.4898) c(2.4502) a(0.0396)	Prec@1 50.500 (46.131)	Prec@5 72.500 (68.170)	Activations: 0.858 (0.863)
Epoch: [12][200/300]	Time 1.571 (1.596)	Loss 2.6716 (2.4936) c(2.4541) a(0.0395)	Prec@1 42.500 (46.005)	Prec@5 67.000 (68.167)	Activations: 0.863 (0.863)
Epoch: [12][225/300]	Time 1.593 (1.595)	Loss 2.4725 (2.4909) c(2.4514) a(0.0395)	Prec@1 45.000 (45.991)	Prec@5 73.500 (68.195)	Activations: 0.857 (0.863)
Epoch: [12][250/300]	Time 1.601 (1.594)	Loss 2.6827 (2.4933) c(2.4539) a(0.0394)	Prec@1 43.500 (45.996)	Prec@5 63.000 (68.151)	Activations: 0.855 (0.863)
Epoch: [12][275/300]	Time 1.593 (1.594)	Loss 2.4539 (2.4903) c(2.4508) a(0.0395)	Prec@1 46.500 (46.043)	Prec@5 70.000 (68.165)	Activations: 0.856 (0.863)
Tue Apr  9 01:36:50 2019
Test: [0/38]	Time 1.106 (1.106)	Loss 2.5486 (2.5486)	Prec@1 44.500 (44.500)	Prec@5 67.000 (67.000)	Activations: 0.872 (0.872)
Test: [25/38]	Time 0.541 (0.564)	Loss 2.6491 (2.6785)	Prec@1 42.500 (42.288)	Prec@5 64.500 (64.808)	Activations: 0.879 (0.866)
gate activation rates:
{0: 0.14778, 1: 0.10764, 2: 0.1492, 3: 0.10008, 4: 0.12178, 5: 0.12862, 6: 0.11886, 7: 0.1492, 8: 0.1221, 9: 0.11918, 10: 0.12356, 11: 0.12038, 12: 0.1306, 13: 0.14112, 14: 0.14892, 15: 0.14928, 16: 0.0, 17: 0.0, 18: 0.0, 19: 0.0, 20: 0.0, 21: 0.0, 22: 0.0, 23: 0.0, 24: 0.0, 25: 0.0, 26: 0.0, 27: 0.0, 28: 0.0, 29: 0.0, 30: 0.0, 31: 0.0, 32: 0.0}
 * Prec@1 42.059
Epoch: [13][0/300]	Time 2.315 (2.315)	Loss 2.4430 (2.4430) c(2.4049) a(0.0381)	Prec@1 45.500 (45.500)	Prec@5 70.500 (70.500)	Activations: 0.867 (0.867)
Epoch: [13][25/300]	Time 1.592 (1.616)	Loss 2.4608 (2.3371) c(2.2981) a(0.0391)	Prec@1 49.000 (49.288)	Prec@5 67.000 (71.173)	Activations: 0.863 (0.863)
Epoch: [13][50/300]	Time 1.581 (1.605)	Loss 2.8349 (2.3559) c(2.3170) a(0.0389)	Prec@1 43.000 (49.255)	Prec@5 62.000 (70.578)	Activations: 0.868 (0.861)
Epoch: [13][75/300]	Time 1.606 (1.601)	Loss 2.2772 (2.3551) c(2.3162) a(0.0388)	Prec@1 49.500 (48.928)	Prec@5 72.500 (70.678)	Activations: 0.856 (0.860)
Epoch: [13][100/300]	Time 1.587 (1.599)	Loss 2.5485 (2.3688) c(2.3298) a(0.0391)	Prec@1 43.500 (48.718)	Prec@5 67.500 (70.421)	Activations: 0.864 (0.860)
Epoch: [13][125/300]	Time 1.582 (1.597)	Loss 2.3447 (2.3668) c(2.3277) a(0.0391)	Prec@1 51.500 (48.536)	Prec@5 72.500 (70.607)	Activations: 0.857 (0.860)
Epoch: [13][150/300]	Time 1.572 (1.595)	Loss 2.1968 (2.3718) c(2.3326) a(0.0392)	Prec@1 52.000 (48.404)	Prec@5 73.500 (70.457)	Activations: 0.864 (0.861)
Epoch: [13][175/300]	Time 1.604 (1.595)	Loss 2.1721 (2.3712) c(2.3319) a(0.0393)	Prec@1 52.500 (48.491)	Prec@5 73.000 (70.426)	Activations: 0.866 (0.861)
Epoch: [13][200/300]	Time 1.582 (1.595)	Loss 2.1812 (2.3679) c(2.3286) a(0.0393)	Prec@1 50.500 (48.604)	Prec@5 73.500 (70.408)	Activations: 0.861 (0.861)
Epoch: [13][225/300]	Time 1.592 (1.594)	Loss 2.3118 (2.3633) c(2.3240) a(0.0393)	Prec@1 51.000 (48.748)	Prec@5 67.000 (70.520)	Activations: 0.870 (0.861)
Epoch: [13][250/300]	Time 1.578 (1.594)	Loss 2.4331 (2.3669) c(2.3277) a(0.0393)	Prec@1 46.500 (48.612)	Prec@5 70.500 (70.448)	Activations: 0.859 (0.861)
Epoch: [13][275/300]	Time 1.599 (1.594)	Loss 2.2780 (2.3633) c(2.3240) a(0.0393)	Prec@1 52.500 (48.707)	Prec@5 74.500 (70.467)	Activations: 0.867 (0.862)
Tue Apr  9 01:45:12 2019
Test: [0/38]	Time 1.104 (1.104)	Loss 2.7288 (2.7288)	Prec@1 46.500 (46.500)	Prec@5 67.000 (67.000)	Activations: 0.863 (0.863)
Test: [25/38]	Time 0.547 (0.567)	Loss 2.3820 (2.6036)	Prec@1 45.000 (44.654)	Prec@5 70.500 (66.269)	Activations: 0.866 (0.865)
gate activation rates:
{0: 0.14794, 1: 0.10886, 2: 0.14906, 3: 0.09688, 4: 0.11768, 5: 0.12922, 6: 0.11894, 7: 0.1493, 8: 0.12274, 9: 0.12062, 10: 0.12456, 11: 0.1206, 12: 0.13118, 13: 0.1422, 14: 0.14856, 15: 0.14922, 16: 0.0, 17: 0.0, 18: 0.0, 19: 0.0, 20: 0.0, 21: 0.0, 22: 0.0, 23: 0.0, 24: 0.0, 25: 0.0, 26: 0.0, 27: 0.0, 28: 0.0, 29: 0.0, 30: 0.0, 31: 0.0, 32: 0.0}
 * Prec@1 44.393
Epoch: [14][0/300]	Time 2.316 (2.316)	Loss 2.0668 (2.0668) c(2.0260) a(0.0409)	Prec@1 47.500 (47.500)	Prec@5 78.000 (78.000)	Activations: 0.865 (0.865)
Epoch: [14][25/300]	Time 1.579 (1.621)	Loss 2.3857 (2.2520) c(2.2131) a(0.0389)	Prec@1 48.000 (50.115)	Prec@5 70.000 (72.288)	Activations: 0.862 (0.862)
Epoch: [14][50/300]	Time 1.608 (1.606)	Loss 2.2729 (2.2245) c(2.1854) a(0.0390)	Prec@1 54.000 (50.706)	Prec@5 67.000 (72.598)	Activations: 0.865 (0.863)
Epoch: [14][75/300]	Time 1.590 (1.603)	Loss 2.2171 (2.2279) c(2.1889) a(0.0390)	Prec@1 46.000 (50.875)	Prec@5 74.000 (72.678)	Activations: 0.854 (0.862)
Epoch: [14][100/300]	Time 1.581 (1.600)	Loss 2.2656 (2.2202) c(2.1811) a(0.0390)	Prec@1 47.000 (51.099)	Prec@5 70.500 (72.792)	Activations: 0.862 (0.863)
Epoch: [14][125/300]	Time 1.599 (1.599)	Loss 2.2514 (2.2293) c(2.1904) a(0.0390)	Prec@1 53.000 (51.036)	Prec@5 72.000 (72.591)	Activations: 0.870 (0.863)
Epoch: [14][150/300]	Time 1.592 (1.598)	Loss 2.2572 (2.2351) c(2.1962) a(0.0390)	Prec@1 51.000 (51.007)	Prec@5 73.500 (72.619)	Activations: 0.869 (0.863)
Epoch: [14][175/300]	Time 1.590 (1.597)	Loss 2.2910 (2.2314) c(2.1925) a(0.0389)	Prec@1 51.500 (51.136)	Prec@5 69.500 (72.676)	Activations: 0.864 (0.863)
Epoch: [14][200/300]	Time 1.569 (1.596)	Loss 2.3375 (2.2276) c(2.1888) a(0.0389)	Prec@1 47.000 (51.216)	Prec@5 67.000 (72.694)	Activations: 0.865 (0.862)
Epoch: [14][225/300]	Time 1.582 (1.595)	Loss 2.2647 (2.2274) c(2.1885) a(0.0388)	Prec@1 51.000 (51.272)	Prec@5 70.500 (72.710)	Activations: 0.865 (0.862)
Epoch: [14][250/300]	Time 1.595 (1.595)	Loss 2.2691 (2.2261) c(2.1873) a(0.0388)	Prec@1 49.000 (51.259)	Prec@5 73.500 (72.713)	Activations: 0.864 (0.862)
Epoch: [14][275/300]	Time 1.595 (1.594)	Loss 2.4675 (2.2273) c(2.1885) a(0.0389)	Prec@1 49.000 (51.225)	Prec@5 66.500 (72.678)	Activations: 0.864 (0.863)
Tue Apr  9 01:53:34 2019
Test: [0/38]	Time 1.087 (1.087)	Loss 2.4052 (2.4052)	Prec@1 45.500 (45.500)	Prec@5 69.000 (69.000)	Activations: 0.870 (0.870)
Test: [25/38]	Time 0.536 (0.563)	Loss 2.7429 (2.5868)	Prec@1 39.000 (45.038)	Prec@5 63.500 (66.212)	Activations: 0.870 (0.865)
gate activation rates:
{0: 0.14788, 1: 0.10778, 2: 0.1484, 3: 0.09956, 4: 0.1162, 5: 0.12726, 6: 0.1177, 7: 0.14958, 8: 0.12042, 9: 0.12104, 10: 0.12524, 11: 0.12134, 12: 0.13012, 13: 0.1436, 14: 0.14876, 15: 0.14942, 16: 0.0, 17: 0.0, 18: 0.0, 19: 0.0, 20: 0.0, 21: 0.0, 22: 0.0, 23: 0.0, 24: 0.0, 25: 0.0, 26: 0.0, 27: 0.0, 28: 0.0, 29: 0.0, 30: 0.0, 31: 0.0, 32: 0.0}
 * Prec@1 45.046
Epoch: [15][0/300]	Time 2.286 (2.286)	Loss 2.1202 (2.1202) c(2.0826) a(0.0376)	Prec@1 59.500 (59.500)	Prec@5 76.000 (76.000)	Activations: 0.859 (0.859)
Epoch: [15][25/300]	Time 1.583 (1.619)	Loss 1.9667 (2.0703) c(2.0319) a(0.0383)	Prec@1 54.500 (54.212)	Prec@5 77.000 (75.269)	Activations: 0.857 (0.861)
Epoch: [15][50/300]	Time 1.580 (1.606)	Loss 2.1324 (2.0940) c(2.0554) a(0.0387)	Prec@1 54.000 (53.765)	Prec@5 72.500 (74.745)	Activations: 0.864 (0.862)
Epoch: [15][75/300]	Time 1.608 (1.601)	Loss 2.1768 (2.0909) c(2.0520) a(0.0388)	Prec@1 53.000 (54.020)	Prec@5 75.500 (74.836)	Activations: 0.870 (0.862)
Epoch: [15][100/300]	Time 1.566 (1.598)	Loss 1.9602 (2.0866) c(2.0478) a(0.0388)	Prec@1 52.500 (54.292)	Prec@5 77.500 (75.035)	Activations: 0.866 (0.862)
Epoch: [15][125/300]	Time 1.592 (1.596)	Loss 2.3107 (2.0913) c(2.0524) a(0.0388)	Prec@1 47.000 (54.179)	Prec@5 71.000 (74.861)	Activations: 0.872 (0.862)
Epoch: [15][150/300]	Time 1.584 (1.595)	Loss 2.4481 (2.1022) c(2.0634) a(0.0389)	Prec@1 44.000 (53.894)	Prec@5 68.500 (74.775)	Activations: 0.864 (0.862)
Epoch: [15][175/300]	Time 1.590 (1.594)	Loss 2.0966 (2.1023) c(2.0634) a(0.0389)	Prec@1 49.500 (53.895)	Prec@5 77.500 (74.727)	Activations: 0.873 (0.862)
Epoch: [15][200/300]	Time 1.585 (1.594)	Loss 2.4483 (2.1083) c(2.0694) a(0.0389)	Prec@1 49.500 (53.754)	Prec@5 67.000 (74.595)	Activations: 0.867 (0.862)
Epoch: [15][225/300]	Time 1.587 (1.594)	Loss 2.0921 (2.1061) c(2.0671) a(0.0389)	Prec@1 53.000 (53.777)	Prec@5 76.500 (74.619)	Activations: 0.867 (0.862)
Epoch: [15][250/300]	Time 1.587 (1.593)	Loss 2.0607 (2.1070) c(2.0681) a(0.0389)	Prec@1 54.500 (53.727)	Prec@5 78.500 (74.629)	Activations: 0.846 (0.862)
Epoch: [15][275/300]	Time 1.593 (1.593)	Loss 2.2851 (2.1068) c(2.0679) a(0.0390)	Prec@1 50.000 (53.784)	Prec@5 73.500 (74.670)	Activations: 0.864 (0.862)
Tue Apr  9 02:01:56 2019
Test: [0/38]	Time 1.093 (1.093)	Loss 2.3790 (2.3790)	Prec@1 48.500 (48.500)	Prec@5 69.000 (69.000)	Activations: 0.860 (0.860)
Test: [25/38]	Time 0.558 (0.565)	Loss 2.4208 (2.4688)	Prec@1 46.000 (47.558)	Prec@5 69.000 (68.462)	Activations: 0.871 (0.868)
gate activation rates:
{0: 0.14692, 1: 0.10204, 2: 0.14894, 3: 0.10664, 4: 0.11918, 5: 0.12928, 6: 0.1173, 7: 0.1495, 8: 0.12332, 9: 0.12004, 10: 0.12428, 11: 0.1223, 12: 0.13204, 13: 0.14444, 14: 0.14912, 15: 0.1495, 16: 0.0, 17: 0.0, 18: 0.0, 19: 0.0, 20: 0.0, 21: 0.0, 22: 0.0, 23: 0.0, 24: 0.0, 25: 0.0, 26: 0.0, 27: 0.0, 28: 0.0, 29: 0.0, 30: 0.0, 31: 0.0, 32: 0.0}
 * Prec@1 47.246
Epoch: [16][0/300]	Time 2.303 (2.303)	Loss 2.0887 (2.0887) c(2.0500) a(0.0387)	Prec@1 53.000 (53.000)	Prec@5 76.500 (76.500)	Activations: 0.866 (0.866)
Epoch: [16][25/300]	Time 1.606 (1.620)	Loss 1.8363 (1.9502) c(1.9109) a(0.0392)	Prec@1 63.000 (57.212)	Prec@5 82.500 (77.000)	Activations: 0.850 (0.863)
Epoch: [16][50/300]	Time 1.603 (1.604)	Loss 1.8205 (1.9736) c(1.9346) a(0.0390)	Prec@1 62.500 (56.304)	Prec@5 77.500 (76.578)	Activations: 0.862 (0.862)
Epoch: [16][75/300]	Time 1.584 (1.600)	Loss 1.8574 (1.9811) c(1.9420) a(0.0391)	Prec@1 56.000 (56.296)	Prec@5 78.000 (76.599)	Activations: 0.872 (0.863)
Epoch: [16][100/300]	Time 1.582 (1.598)	Loss 1.9076 (1.9870) c(1.9478) a(0.0392)	Prec@1 56.500 (56.168)	Prec@5 77.500 (76.510)	Activations: 0.864 (0.863)
Epoch: [16][125/300]	Time 1.603 (1.597)	Loss 1.8179 (1.9878) c(1.9487) a(0.0391)	Prec@1 57.000 (56.119)	Prec@5 80.500 (76.587)	Activations: 0.863 (0.863)
Epoch: [16][150/300]	Time 1.591 (1.596)	Loss 1.7875 (1.9831) c(1.9440) a(0.0391)	Prec@1 58.000 (56.116)	Prec@5 79.500 (76.579)	Activations: 0.864 (0.863)
Epoch: [16][175/300]	Time 1.561 (1.595)	Loss 2.0201 (1.9890) c(1.9499) a(0.0391)	Prec@1 54.000 (55.977)	Prec@5 79.000 (76.548)	Activations: 0.866 (0.863)
Epoch: [16][200/300]	Time 1.578 (1.594)	Loss 2.1021 (1.9936) c(1.9545) a(0.0391)	Prec@1 53.000 (55.930)	Prec@5 76.000 (76.515)	Activations: 0.863 (0.863)
Epoch: [16][225/300]	Time 1.567 (1.594)	Loss 1.9080 (1.9947) c(1.9557) a(0.0390)	Prec@1 58.500 (55.887)	Prec@5 77.500 (76.445)	Activations: 0.859 (0.863)
Epoch: [16][250/300]	Time 1.606 (1.593)	Loss 1.8597 (1.9951) c(1.9562) a(0.0390)	Prec@1 60.500 (55.906)	Prec@5 78.000 (76.458)	Activations: 0.867 (0.863)
Epoch: [16][275/300]	Time 1.581 (1.593)	Loss 2.0726 (1.9948) c(1.9558) a(0.0390)	Prec@1 53.000 (55.928)	Prec@5 74.000 (76.426)	Activations: 0.863 (0.863)
Tue Apr  9 02:10:17 2019
Test: [0/38]	Time 1.092 (1.092)	Loss 2.1973 (2.1973)	Prec@1 54.000 (54.000)	Prec@5 68.500 (68.500)	Activations: 0.850 (0.850)
Test: [25/38]	Time 0.537 (0.566)	Loss 2.3536 (2.4489)	Prec@1 49.500 (47.212)	Prec@5 73.000 (68.923)	Activations: 0.867 (0.863)
gate activation rates:
{0: 0.1465, 1: 0.10002, 2: 0.14814, 3: 0.10474, 4: 0.1137, 5: 0.12804, 6: 0.11622, 7: 0.14946, 8: 0.12102, 9: 0.12172, 10: 0.12322, 11: 0.12272, 12: 0.13208, 13: 0.14482, 14: 0.14868, 15: 0.14944, 16: 0.0, 17: 0.0, 18: 0.0, 19: 0.0, 20: 0.0, 21: 0.0, 22: 0.0, 23: 0.0, 24: 0.0, 25: 0.0, 26: 0.0, 27: 0.0, 28: 0.0, 29: 0.0, 30: 0.0, 31: 0.0, 32: 0.0}
 * Prec@1 47.513
Epoch: [17][0/300]	Time 2.313 (2.313)	Loss 1.8754 (1.8754) c(1.8372) a(0.0382)	Prec@1 58.000 (58.000)	Prec@5 78.000 (78.000)	Activations: 0.863 (0.863)
Epoch: [17][25/300]	Time 1.598 (1.620)	Loss 1.9199 (1.9166) c(1.8782) a(0.0383)	Prec@1 57.000 (57.346)	Prec@5 78.500 (78.058)	Activations: 0.865 (0.859)
Epoch: [17][50/300]	Time 1.589 (1.607)	Loss 1.7496 (1.9004) c(1.8618) a(0.0387)	Prec@1 60.500 (57.569)	Prec@5 82.000 (78.147)	Activations: 0.864 (0.860)
Epoch: [17][75/300]	Time 1.596 (1.600)	Loss 1.6488 (1.8918) c(1.8530) a(0.0388)	Prec@1 64.000 (58.224)	Prec@5 82.000 (78.342)	Activations: 0.868 (0.861)
Epoch: [17][100/300]	Time 1.591 (1.598)	Loss 1.6197 (1.9015) c(1.8627) a(0.0388)	Prec@1 62.000 (58.064)	Prec@5 83.500 (78.153)	Activations: 0.868 (0.861)
Epoch: [17][125/300]	Time 1.581 (1.597)	Loss 1.7111 (1.9020) c(1.8631) a(0.0389)	Prec@1 58.500 (57.952)	Prec@5 82.000 (78.067)	Activations: 0.860 (0.860)
Epoch: [17][150/300]	Time 1.588 (1.596)	Loss 1.7818 (1.8964) c(1.8574) a(0.0390)	Prec@1 62.000 (57.930)	Prec@5 77.000 (78.056)	Activations: 0.863 (0.860)
Epoch: [17][175/300]	Time 1.603 (1.595)	Loss 1.8554 (1.8983) c(1.8593) a(0.0390)	Prec@1 57.500 (57.756)	Prec@5 78.000 (77.969)	Activations: 0.858 (0.860)
Epoch: [17][200/300]	Time 1.591 (1.594)	Loss 1.9520 (1.8995) c(1.8605) a(0.0390)	Prec@1 57.000 (57.774)	Prec@5 76.500 (78.015)	Activations: 0.862 (0.860)
Epoch: [17][225/300]	Time 1.599 (1.594)	Loss 1.8419 (1.9038) c(1.8648) a(0.0390)	Prec@1 56.500 (57.723)	Prec@5 80.500 (77.938)	Activations: 0.863 (0.860)
Epoch: [17][250/300]	Time 1.561 (1.594)	Loss 2.1110 (1.9075) c(1.8685) a(0.0390)	Prec@1 54.000 (57.641)	Prec@5 72.000 (77.884)	Activations: 0.864 (0.860)
Epoch: [17][275/300]	Time 1.598 (1.593)	Loss 1.8757 (1.9064) c(1.8675) a(0.0390)	Prec@1 60.000 (57.609)	Prec@5 79.500 (77.908)	Activations: 0.856 (0.860)
Tue Apr  9 02:18:38 2019
Test: [0/38]	Time 1.101 (1.101)	Loss 2.2654 (2.2654)	Prec@1 51.000 (51.000)	Prec@5 75.000 (75.000)	Activations: 0.863 (0.863)
Test: [25/38]	Time 0.540 (0.563)	Loss 2.6699 (2.3848)	Prec@1 44.000 (48.942)	Prec@5 69.000 (69.635)	Activations: 0.864 (0.863)
gate activation rates:
{0: 0.1472, 1: 0.10062, 2: 0.148, 3: 0.1059, 4: 0.11214, 5: 0.12786, 6: 0.11786, 7: 0.14944, 8: 0.12148, 9: 0.12228, 10: 0.1257, 11: 0.12054, 12: 0.13162, 13: 0.14578, 14: 0.14886, 15: 0.1494, 16: 0.0, 17: 0.0, 18: 0.0, 19: 0.0, 20: 0.0, 21: 0.0, 22: 0.0, 23: 0.0, 24: 0.0, 25: 0.0, 26: 0.0, 27: 0.0, 28: 0.0, 29: 0.0, 30: 0.0, 31: 0.0, 32: 0.0}
 * Prec@1 49.420
Epoch: [18][0/300]	Time 2.285 (2.285)	Loss 1.8617 (1.8617) c(1.8220) a(0.0398)	Prec@1 56.500 (56.500)	Prec@5 78.000 (78.000)	Activations: 0.856 (0.856)
Epoch: [18][25/300]	Time 1.607 (1.620)	Loss 1.8138 (1.7881) c(1.7488) a(0.0393)	Prec@1 56.000 (60.327)	Prec@5 79.000 (79.019)	Activations: 0.862 (0.864)
Epoch: [18][50/300]	Time 1.601 (1.607)	Loss 1.5557 (1.7921) c(1.7531) a(0.0389)	Prec@1 64.000 (60.686)	Prec@5 84.500 (79.402)	Activations: 0.867 (0.862)
Epoch: [18][75/300]	Time 1.602 (1.602)	Loss 1.8912 (1.7881) c(1.7490) a(0.0391)	Prec@1 59.500 (60.684)	Prec@5 77.000 (79.625)	Activations: 0.858 (0.862)
Epoch: [18][100/300]	Time 1.576 (1.599)	Loss 1.7847 (1.7971) c(1.7579) a(0.0392)	Prec@1 59.000 (60.203)	Prec@5 78.500 (79.470)	Activations: 0.856 (0.862)
Epoch: [18][125/300]	Time 1.593 (1.598)	Loss 1.9756 (1.8019) c(1.7627) a(0.0392)	Prec@1 62.500 (59.905)	Prec@5 77.000 (79.512)	Activations: 0.877 (0.862)
Epoch: [18][150/300]	Time 1.585 (1.595)	Loss 2.0580 (1.8001) c(1.7609) a(0.0392)	Prec@1 56.000 (59.887)	Prec@5 74.500 (79.546)	Activations: 0.856 (0.862)
Epoch: [18][175/300]	Time 1.579 (1.595)	Loss 1.9624 (1.8002) c(1.7610) a(0.0393)	Prec@1 56.500 (59.801)	Prec@5 76.500 (79.514)	Activations: 0.863 (0.862)
Epoch: [18][200/300]	Time 1.589 (1.594)	Loss 1.8185 (1.8012) c(1.7619) a(0.0393)	Prec@1 54.500 (59.769)	Prec@5 79.000 (79.560)	Activations: 0.867 (0.862)
Epoch: [18][225/300]	Time 1.607 (1.594)	Loss 2.0571 (1.8025) c(1.7632) a(0.0393)	Prec@1 51.000 (59.657)	Prec@5 73.000 (79.562)	Activations: 0.851 (0.862)
Epoch: [18][250/300]	Time 1.585 (1.594)	Loss 1.8890 (1.8067) c(1.7675) a(0.0393)	Prec@1 60.500 (59.612)	Prec@5 78.000 (79.478)	Activations: 0.867 (0.862)
Epoch: [18][275/300]	Time 1.581 (1.594)	Loss 1.8722 (1.8090) c(1.7698) a(0.0393)	Prec@1 54.000 (59.565)	Prec@5 76.500 (79.420)	Activations: 0.857 (0.862)
Tue Apr  9 02:27:01 2019
Test: [0/38]	Time 1.103 (1.103)	Loss 2.2482 (2.2482)	Prec@1 46.000 (46.000)	Prec@5 72.000 (72.000)	Activations: 0.863 (0.863)
Test: [25/38]	Time 0.540 (0.565)	Loss 2.3207 (2.3146)	Prec@1 48.000 (50.077)	Prec@5 69.500 (70.865)	Activations: 0.869 (0.869)
gate activation rates:
{0: 0.14662, 1: 0.10482, 2: 0.14748, 3: 0.1092, 4: 0.1133, 5: 0.12954, 6: 0.1172, 7: 0.1497, 8: 0.12144, 9: 0.12044, 10: 0.1264, 11: 0.12126, 12: 0.13462, 13: 0.14622, 14: 0.14922, 15: 0.14968, 16: 0.0, 17: 0.0, 18: 0.0, 19: 0.0, 20: 0.0, 21: 0.0, 22: 0.0, 23: 0.0, 24: 0.0, 25: 0.0, 26: 0.0, 27: 0.0, 28: 0.0, 29: 0.0, 30: 0.0, 31: 0.0, 32: 0.0}
 * Prec@1 50.393
Epoch: [19][0/300]	Time 3.549 (3.549)	Loss 1.8843 (1.8843) c(1.8449) a(0.0394)	Prec@1 59.500 (59.500)	Prec@5 78.000 (78.000)	Activations: 0.859 (0.859)
Epoch: [19][25/300]	Time 1.584 (1.661)	Loss 1.9256 (1.7172) c(1.6776) a(0.0397)	Prec@1 54.500 (61.731)	Prec@5 76.500 (80.231)	Activations: 0.862 (0.860)
Epoch: [19][50/300]	Time 1.570 (1.626)	Loss 1.6778 (1.6989) c(1.6594) a(0.0395)	Prec@1 60.500 (62.422)	Prec@5 81.500 (81.176)	Activations: 0.867 (0.863)
Epoch: [19][75/300]	Time 1.590 (1.614)	Loss 1.8856 (1.7115) c(1.6721) a(0.0394)	Prec@1 62.000 (62.079)	Prec@5 77.500 (80.934)	Activations: 0.859 (0.863)
Epoch: [19][100/300]	Time 1.596 (1.608)	Loss 1.7054 (1.7021) c(1.6627) a(0.0394)	Prec@1 65.000 (62.198)	Prec@5 79.000 (81.282)	Activations: 0.859 (0.863)
Epoch: [19][125/300]	Time 1.580 (1.605)	Loss 1.7324 (1.7133) c(1.6738) a(0.0395)	Prec@1 59.500 (61.893)	Prec@5 81.000 (81.175)	Activations: 0.841 (0.863)
Epoch: [19][150/300]	Time 1.587 (1.602)	Loss 1.6393 (1.7082) c(1.6687) a(0.0395)	Prec@1 61.000 (61.970)	Prec@5 81.500 (81.281)	Activations: 0.863 (0.863)
Epoch: [19][175/300]	Time 1.597 (1.601)	Loss 1.7141 (1.7109) c(1.6714) a(0.0394)	Prec@1 64.500 (61.903)	Prec@5 83.000 (81.185)	Activations: 0.870 (0.863)
Epoch: [19][200/300]	Time 1.603 (1.599)	Loss 1.5022 (1.7143) c(1.6749) a(0.0394)	Prec@1 66.000 (61.848)	Prec@5 82.500 (81.067)	Activations: 0.860 (0.863)
Epoch: [19][225/300]	Time 1.595 (1.598)	Loss 1.7089 (1.7138) c(1.6744) a(0.0394)	Prec@1 59.000 (61.788)	Prec@5 80.000 (81.046)	Activations: 0.859 (0.863)
Epoch: [19][250/300]	Time 1.575 (1.596)	Loss 1.4506 (1.7183) c(1.6789) a(0.0394)	Prec@1 65.500 (61.618)	Prec@5 84.500 (80.934)	Activations: 0.858 (0.863)
Epoch: [19][275/300]	Time 1.609 (1.596)	Loss 1.5107 (1.7192) c(1.6798) a(0.0394)	Prec@1 65.500 (61.592)	Prec@5 86.000 (80.958)	Activations: 0.863 (0.863)
Tue Apr  9 02:35:22 2019
Test: [0/38]	Time 1.090 (1.090)	Loss 2.4217 (2.4217)	Prec@1 52.000 (52.000)	Prec@5 70.000 (70.000)	Activations: 0.861 (0.861)
Test: [25/38]	Time 0.541 (0.565)	Loss 2.5285 (2.2703)	Prec@1 46.000 (51.615)	Prec@5 69.000 (71.673)	Activations: 0.864 (0.865)
gate activation rates:
{0: 0.14678, 1: 0.10612, 2: 0.14742, 3: 0.10468, 4: 0.1125, 5: 0.12782, 6: 0.11626, 7: 0.14966, 8: 0.11802, 9: 0.1229, 10: 0.1248, 11: 0.1223, 12: 0.13284, 13: 0.14602, 14: 0.1491, 15: 0.1497, 16: 0.0, 17: 0.0, 18: 0.0, 19: 0.0, 20: 0.0, 21: 0.0, 22: 0.0, 23: 0.0, 24: 0.0, 25: 0.0, 26: 0.0, 27: 0.0, 28: 0.0, 29: 0.0, 30: 0.0, 31: 0.0, 32: 0.0}
 * Prec@1 51.140
Best accuracy:  51.14015196787388
